544440 457366 470
764362 421925 509
402462 478143 449
805534 936271 525
436993 282909 449
637963 248742 509
278398 158592 443
516007 675963 509
910439 26273 525
93822 92161 315
874562 242110 525
840627 960743 507
105472 195615 383
438261 701305 509
184134 97549 383
126037 911462 525
442982 958247 525
302056 131004 443
25842 443960 449
571684 751486 509
589341 783805 509
668047 976521 525
678932 824316 504
612063 500873 470
322721 228152 443
889871 586253 525
868544 20785 525
851723 814224 525
871289 694861 525
962943 175402 525
461477 329228 449
446079 433101 400
114851 337223 443
143744 342954 443
68831 655024 509
685767 426089 509
366886 672000 509
411141 123582 449
189335 37298 383
468675 112073 449
111456 586033 470
859022 826253 525
227386 132822 386
993656 117675 525
612961 187405 470
402159 320877 441
346769 441389 449
369976 585150 470
145776 767533 509
689750 717498 504
287609 705358 509
539523 381988 470
322802 222093 443
575310 360537 470
725905 162435 509
986384 681365 525
501779 904527 525
313861 634291 509
676983 908185 525
885732 754895 525
3618 321268 443
525168 438343 470
301692 912609 525
456376 65592 449
325095 643958 509
374300 667980 509
12408 356032 443
581059 120532 470
916840 481924 525
444145 748156 509
385044 925881 525
115846 431016 449
672536 703443 442
210240 49531 383
100810 878223 525
398087 24854 443
742237 338665 509
721610 995768 525
570694 910418 525
439873 800728 509
162728 800756 509
951440 847314 507
468838 791412 509
186755 612146 470
634672 937297 525
856073 901367 445
426087 441665 400
506613 446426 444
314087 347766 441
450717 651742 509
543336 92192 470
755108 157400 509
92828 205525 383
30363 959383 525
421382 85307 449
543146 913636 525
166856 181402 365
691669 201273 509
774827 886392 525
296654 168703 443
160986 793471 509
25017 856706 525
37874 655139 509
165252 958061 525
762455 774348 468
653629 543628 509
876488 673660 525
462049 652293 509
232323 621341 470
213410 613752 470
597222 82201 470
956017 490664 525
598895 125869 470
953940 972164 458
46837 712179 509
13318 758637 509
372896 633587 509
532563 66034 470
137269 304283 443
190335 625772 470
125339 344323 443
351726 862905 525
613626 23356 470
861174 201274 525
902924 27594 525
767129 952910 525
548404 143331 470
614593 312342 470
804086 479226 509
575587 644359 509
151061 185003 383
9279 115258 354
714975 641013 504
871966 486364 525
262674 143169 443
202999 888278 525
191645 190118 329
340443 261456 407
422418 161327 449
514273 292766 470
962703 579530 525
637216 211588 509
993001 703312 525
218459 334244 443
538409 437184 470
445008 73923 449
679096 725736 504
521289 186413 470
11645 783479 509
453854 230695 449
507816 91149 449
829323 304644 509
347771 214703 443
225230 929438 525
208714 539249 470
198893 168120 365
502284 422948 444
923056 981394 507
135117 952526 525
387508 323553 441
577013 317830 470
680402 41091 509
77225 481527 449
83470 581409 470
833501 141410 509
849880 518420 525
676627 362512 509
925272 648325 525
373157 924311 525
982155 441833 525
340100 189047 443
618598 613938 447
173459 311360 443
681232 167807 509
906122 947343 507
25685 960685 525
212287 974309 525
695545 428251 509
541011 277216 470
527491 261533 470
268304 510043 449
414393 806668 509
728791 304278 509
433647 602355 470
634251 180800 509
324787 93263 443
799841 653428 504
957113 931456 507
164747 688307 509
460755 36782 449
908701 10991 525
195020 679993 509
199603 199374 329
257430 694228 509
975364 578217 525
621538 496697 470
817383 609895 509
284636 54292 443
828026 872388 525
442566 69670 449
247582 251390 350
533613 811495 509
811332 150805 509
249775 404519 441
14078 242530 443
780441 335581 509
647210 158515 509
236372 503572 449
940960 444173 525
867691 67992 525
163650 879494 525
360975 505137 449
164982 464903 449
564454 838539 525
608477 88410 470
44212 536566 470
138175 662452 509
409418 704940 509
673383 855474 525
797007 248683 509
192452 800018 509
874397 547648 525
224232 26943 386
852955 605800 525
193415 654646 509
373584 599114 470
243703 427239 449
159125 214441 373
978320 773686 525
301688 426616 449
34291 890526 525
983684 554125 525
911274 202320 525
983908 86033 525
66469 632522 509
566307 677348 509
800611 33575 509
429423 800852 509
827141 858491 525
784268 759923 468
740931 593511 509
868714 435621 525
2708 542791 470
790315 842308 525
776623 827483 468
942397 663258 525
156650 780382 509
901577 456665 525
248672 382427 441
148862 613136 470
974745 325679 525
515515 830010 509
480985 171495 449
852607 60958 525
450269 979263 525
336330 440837 449
426216 172258 449
307861 96265 443
521343 163820 470
414128 379214 449
102724 23875 351
687943 429257 509
61371 228010 386
500589 975876 525
613394 908062 525
409039 138956 443
395444 71291 443
693631 719339 504
78591 347507 443
936155 928774 414
394084 378621 436
587901 209269 470
753621 219784 509
748812 177511 509
146716 298280 443
536240 580098 452
621 697365 509
548734 967022 525
495246 464723 426
432824 392382 449
812852 409679 509
745422 159872 509
727075 497907 509
191617 727932 509
691931 184517 509
653985 650990 385
260705 236731 368
472833 405514 449
850633 996248 507
231316 759326 509
680492 419593 509
949608 834164 525
916021 55209 525
223386 209838 386
756871 529776 509
698421 928079 525
816684 873157 525
282694 912090 525
186150 422417 449
762637 374463 509
799975 886157 525
921992 572872 525
409083 645272 509
519578 755165 509
248242 945373 525
317120 162264 443
561905 274434 470
491145 4795 449
174987 346170 443
652218 243508 509
183820 630691 509
814948 639704 504
705946 869551 525
229046 161077 386
237977 945046 525
16794 154945 375
204455 592156 470
215188 710642 509
50074 821557 509
69660 92779 351
490112 725531 509
703948 111852 509
60870 344317 443
890013 688411 525
460046 996068 525
40072 422017 449
510203 493386 426
873742 402733 525
216693 605098 470
494448 795133 509
426906 868310 525
253170 697518 509
876210 959121 507
999442 445137 525
940841 359822 525
879991 555359 525
899682 458306 525
802934 134022 509
534343 869568 525
759719 874355 525
502403 813603 509
83312 320662 443
592303 151240 470
320206 626552 509
381510 299526 441
658387 38604 509
987444 369543 525
6732 893981 525
743167 13352 509
864149 660608 525
814362 163093 509
361018 930193 525
106228 751370 509
949006 821390 525
967742 62253 525
259778 35763 443
486703 516041 470
690597 344963 509
727779 698273 504
792761 670378 504
805309 289105 509
315285 959998 525
942090 364506 525
849465 302997 525
837852 551465 525
626320 141260 470
154359 859573 525
37287 144803 375
95362 709099 509
638357 741920 504
199127 150636 383
333300 422459 449
980545 465028 525
667170 430208 509
365139 62178 443
156580 110326 383
363882 884691 525
124010 944464 525
705426 24618 509
587193 690138 509
841530 841352 282
682721 109279 509
315321 613569 470
728301 336055 509
54861 451727 449
950390 71730 525
845538 595693 525
942005 437003 525
521782 30558 470
971407 923024 507
910734 909529 476
687608 821931 504
266265 997751 525
419174 831301 509
882854 843760 432
923832 872210 476
682183 419715 509
887217 283646 525
780073 323574 509
741067 724380 424
27873 75524 340
764262 477360 509
265015 787872 509
504074 786771 509
696690 72704 509
639619 74749 509
260037 812457 509
435592 517156 470
540975 161980 470
885060 957448 507
160460 608767 470
350663 483381 449
959624 594764 525
629729 440130 509
993434 31474 525
819552 630995 504
573356 288736 470
761086 244572 509
451524 864771 525
786212 779500 375
392721 624517 470
765864 475808 509
518074 534292 439
879101 135696 525
980085 961940 458
500422 988032 525
697914 853200 525
577092 625346 447
834235 461268 509
211712 766437 509
727866 155401 509
38902 666025 509
712930 977598 525
549279 737166 509
110465 101174 354
742578 458216 509
493087 885389 525
874896 43534 525
856475 664778 525
821163 160917 509
55801 346336 443
486339 219788 449
279057 941682 525
494136 503357 426
534448 792077 509
826191 92367 509
622516 956206 525
718831 112832 509
787627 447241 509
870845 745984 525
588343 395768 470
979393 221664 525
391308 770422 509
507822 436241 444
810042 128816 509
830145 651199 504
956831 922194 507
287428 429943 449
770115 680157 504
645306 362544 509
893906 205134 525
909060 806953 525
442191 719664 509
588770 387839 470
354138 346165 379
940221 130020 525
127877 202999 383
449484 172645 449
738443 804213 468
58488 268177 443
658425 93460 509
954815 7762 525
404727 120390 443
472444 921809 525
785129 34264 509
838032 581785 525
768378 159858 509
311820 133544 443
371748 849153 525
150811 462425 449
717535 949957 525
861909 206610 525
538215 804686 509
724971 556180 509
212772 689806 509
767771 896017 525
469802 798066 509
431188 242231 449
668812 384331 509
117843 963997 525
937386 82434 525
496859 294907 449
10608 140343 354
262015 825229 509
205392 519878 470
941808 957677 414
464415 148773 449
604071 394386 470
166341 364739 443
98550 7383 351
589581 31873 470
531064 981012 525
287859 594472 470
431006 580050 470
797295 113361 509
608088 827280 509
357612 383632 423
510551 856874 525
118960 62172 354
377075 868914 525
648811 381938 509
575340 820384 509
610018 137159 470
655185 116078 509
980024 95161 525
2135 713813 509
409720 216265 443
84652 963324 525
282447 392029 441
758454 66956 509
876804 491008 525
308622 325872 384
787557 878576 525
587522 961396 525
468204 975877 525
986299 351980 525
191622 581940 470
993585 333171 525
382262 888981 525
853123 394857 525
830574 597132 509
641371 642880 416
657662 933164 525
190247 557978 470
840600 872768 432
908342 842160 445
541159 595563 452
113382 634930 509
169743 992127 525
152328 663107 509
281632 775432 509
426956 432733 374
679880 773375 504
725489 225692 509
909366 886095 445
15967 341519 443
108461 572116 470
802805 803017 282
60054 236661 443
48675 411427 449
432734 598956 470
288475 506903 449
69423 915212 525
460047 328319 449
611848 989613 525
73951 810907 509
33595 159204 383
235397 390019 441
256456 252508 363
340938 866085 525
177252 478446 449
263320 367288 441
348014 449795 449
985003 630854 525
295573 990512 525
992319 97900 525
706491 632843 504
101274 363976 443
668610 512153 509
262336 676654 509
520672 279607 470
155086 28774 375
261272 900058 525
743794 545842 509
571355 173495 470
352455 677486 509
745632 298483 509
603716 526730 452
241063 983052 525
376913 587289 470
113268 549192 470
286608 274659 389
975177 627465 525
474676 408768 449
402384 993851 525
378966 863524 525
411614 600294 470
265358 755004 509
13346 277706 443
427122 515350 470
750846 656525 504
226958 460395 449
164364 724621 509
109926 341858 443
804689 18298 509
351207 856325 525
9495 477022 449
266749 348668 441
553263 966438 525
620177 537304 452
5096 850292 525
193364 758053 509
807663 827800 450
619374 195787 470
298310 979176 525
380216 38884 443
479762 908768 525
190568 939336 525
908213 413707 525
146602 630021 509
302238 316418 384
181367 198464 360
11949 61232 340
206187 966887 525
550810 172601 470
739109 396086 509
642281 821913 504
820663 597542 509
332798 235197 407
216192 541933 470
834561 646050 504
21788 504708 449
59993 378571 443
657742 344964 509
45885 21994 324
433448 754607 509
968175 831853 525
330336 413482 449
562521 333289 470
831386 562639 509
535480 996604 525
819031 987916 525
446727 318897 449
168705 329803 443
352145 813677 509
78355 36689 351
624777 120322 470
138889 286257 443
375250 892376 525
912603 339727 525
974398 691918 525
726144 98639 509
218905 946985 525
185731 703280 509
228207 92637 386
547617 438869 470
956604 772056 525
605427 16034 470
603853 546339 452
679687 752180 504
311064 661610 509
265465 548883 470
379224 505789 449
316791 431811 449
965203 923010 507
917589 687379 525
316600 574050 470
742318 635321 504
296305 539120 470
246717 154732 443
887393 354838 525
676278 88279 509
808240 358277 509
529199 424631 470
815519 335210 509
402789 889908 525
425909 493953 444
920662 528271 525
798563 204464 509
122299 534898 470
261205 332458 407
925854 774126 525
574382 778754 509
98291 736953 509
221691 335019 443
729069 295101 509
986756 88344 525
69364 380485 443
25268 59257 340
616149 734837 509
961742 556143 525
231409 329404 407
351788 789493 509
248977 31032 443
760164 739151 424
104039 248220 443
462076 232247 449
760587 380110 509
29042 288296 443
348531 464440 449
381267 14991 443
196388 444229 449
805079 716357 468
582644 535967 452
132765 742220 509
602511 966370 525
704489 336697 509
348554 658770 509
331301 350386 441
180422 538018 470
522546 885478 525
635431 669561 442
93269 310134 443
768990 544487 509
457563 956074 525
685287 459489 509
923493 583854 525
973798 711026 525
286218 826923 509
28900 857509 525
264380 281184 407
950472 44950 525
918137 824024 525
29769 390540 443
285858 951262 525
756254 468556 509
583455 288193 470
733673 520681 509
923320 798268 525
701110 3443 509
193334 360632 443
563734 104333 470
172583 626835 509
238842 532310 470
280300 827134 509
888633 669243 525
818168 271754 509
98697 200792 383
68000 716149 509
409548 149198 443
674902 981081 525
199400 289404 443
868265 359470 525
317587 86985 443
175423 979699 525
721236 203290 509
760817 370774 509
383259 421472 449
551548 370960 470
190329 522058 470
296852 767827 509
899664 985579 507
626289 252449 470
155633 108845 375
331315 22995 443
350971 11757 443
971250 158690 525
281731 687693 509
984974 671396 525
688193 120593 509
232549 962431 525
592203 41056 470
144246 38179 375
555130 168500 470
602811 45907 470
458821 559327 470
719478 43959 509
872972 483783 525
496987 85367 449
471111 897913 525
188358 771067 509
821491 779523 468
820149 606671 509
32397 40268 324
517748 126156 470
241032 774862 509
292804 267753 407
497290 589826 470
833139 504203 509
344309 327834 366
478651 516124 470
447865 740162 509
224731 87658 386
870509 89007 525
93820 179106 383
663049 748904 504
221070 379994 443
922223 546197 525
201778 301981 443
100001 56478 351
748621 300028 509
747414 779858 468
198073 361983 443
371739 93112 443
835169 279498 509
69911 271621 443
64397 816460 509
189832 859507 525
864893 77606 525
335112 668767 509
340922 824415 509
72231 606728 470
801034 281636 509
767262 248772 509
316845 183199 443
408565 220364 443
733534 694547 504
814772 106641 509
723586 701415 504
253217 265634 407
672705 675671 367
760583 80614 509
537906 339472 470
446094 778713 509
494955 891461 525
913805 86386 525
338113 445748 449
753896 611903 509
143626 470028 449
709620 613889 509
772048 19427 509
130843 332517 443
512894 475188 470
953802 580106 525
862696 799370 525
823188 822277 331
144364 519919 470
643347 635628 416
33938 232859 443
841161 966365 507
292373 237947 407
350206 749843 509
795245 662686 504
689303 230652 509
604411 657915 509
249395 597290 470
520985 185961 470
702459 724844 504
830179 498098 509
509480 346908 449
987908 832452 525
747473 784989 468
490034 46368 449
537936 789622 509
9233 57792 340
358412 100270 443
304022 342351 384
980216 591314 525
69693 58642 335
776168 657757 504
944986 551883 525
803213 282780 509
609452 970175 525
171114 99979 383
422658 286087 449
736159 335399 509
746658 243963 509
792177 163592 509
932217 427069 525
318042 330836 384
9988 248868 443
798468 278825 509
216679 501884 449
331154 40973 443
182419 6224 383
611610 952210 525
17567 848102 525
341982 75175 443
514742 879635 525
321165 46737 443
643642 117797 509
636652 413273 509
570248 497559 470
320043 635382 509
420131 575651 470
656186 472042 509
893818 450153 525
508517 719238 509
195908 236978 443
398954 34345 443
121230 687142 509
384776 307280 441
658258 236620 509
170278 23782 383
923028 414546 525
368970 821923 509
670651 132194 509
31158 149423 375
458858 711668 509
507268 776775 509
652854 57150 509
952111 484908 525
502272 829522 509
686019 846659 525
212854 482013 449
280277 803054 509
870797 557004 525
694723 449124 509
9567 448442 449
583450 96564 470
369562 803878 509
679281 624337 509
882586 953458 507
484469 389817 449
255062 420679 449
527810 369840 470
28545 853338 525
122346 452819 449
254740 495549 449
90869 98056 333
55516 564431 470
645431 60380 509
13178 211575 383
309962 189256 443
801685 886987 525
410877 515256 470
134560 147745 375
47342 179031 383
494487 277973 449
877322 972379 507
643939 919502 525
993011 532350 525
911333 489945 525
534783 21024 470
429897 596946 470
732000 552765 509
487586 835412 509
55343 457410 449
984543 233726 525
558114 195006 470
202817 65867 383
464298 671659 509
107926 785268 509
943768 45948 525
976583 467684 525
91429 167054 383
684570 92628 509
654869 789231 504
173656 972179 525
531424 390656 470
906106 223018 525
98240 396191 443
537232 39459 470
999597 568284 525
36993 130825 354
981711 710710 525
774045 449363 509
90066 806936 509
855825 150537 525
148497 61640 375
974262 897913 507
681968 409118 509
268776 148128 443
875363 550087 525
305790 785113 509
171496 410663 449
518360 545095 439
958171 636084 525
32519 994115 525
837431 786410 468
720641 431907 509
578076 564173 421
610359 732446 509
392625 551697 470
794244 124353 509
547387 710844 509
824350 929622 525
233793 125169 443
473069 865553 525
250743 671331 509
842528 242384 525
824117 327816 509
112306 858953 525
393382 960354 525
58353 385377 443
170398 853121 525
438419 89345 449
968821 545911 525
617109 500001 470
364605 590338 470
270732 461245 449
157744 727170 509
394530 416006 449
871752 789907 525
888724 88169 525
884371 986877 507
710849 974279 525
191737 158534 370
522749 632421 509
652414 224124 509
487665 982973 525
102839 761225 509
744603 784617 468
662404 790011 504
164627 895946 525
942932 522679 525
294531 925278 525
117554 782782 509
961651 143268 525
442870 611317 470
206446 133426 383
944078 479536 525
165984 779490 509
588516 259594 470
518772 53373 470
182431 965743 525
895410 71728 525
795346 37923 509
12964 724453 509
300670 270878 389
